<?xml version="1.0" encoding="UTF-8"?>
<!-- Generated by org.testng.reporters.JUnitXMLReporter -->
<testsuite ignored="0" hostname="LAPTOP-E4E1HDQ6" failures="0" tests="4" name="Default test" time="77.376" errors="0" timestamp="2020-05-05T20:11:54 IST">
  <testcase classname="practicePackage.loginDetailParameterization" name="loginTest" time="3.323"/>
  <testcase classname="practicePackage.loginDetailParameterization" name="loginTest" time="0.812"/>
  <testcase classname="practicePackage.loginDetailParameterization" name="loginTest" time="0.794"/>
  <testcase classname="practicePackage.loginDetailParameterization" name="loginTest" time="0.734"/>
</testsuite> <!-- Default test -->
