<?xml version="1.0" encoding="UTF-8"?>
<testng-results ignored="0" total="4" passed="4" failed="0" skipped="0">
  <reporter-output>
  </reporter-output>
  <suite started-at="2020-05-05T20:10:36 IST" name="Default suite" finished-at="2020-05-05T20:11:54 IST" duration-ms="77376">
    <groups>
    </groups>
    <test started-at="2020-05-05T20:10:36 IST" name="Default test" finished-at="2020-05-05T20:11:54 IST" duration-ms="77376">
      <class name="practicePackage.loginDetailParameterization">
        <test-method is-config="true" signature="setup()[pri:0, instance:practicePackage.loginDetailParameterization@4d910fd6]" started-at="2020-05-05T20:10:37 IST" name="setup" finished-at="2020-05-05T20:10:59 IST" duration-ms="22131" status="PASS">
          <reporter-output>
          </reporter-output>
        </test-method> <!-- setup -->
        <test-method signature="loginTest(java.lang.String, java.lang.String)[pri:0, instance:practicePackage.loginDetailParameterization@4d910fd6]" started-at="2020-05-05T20:10:59 IST" name="loginTest" data-provider="getLoginData" finished-at="2020-05-05T20:11:03 IST" duration-ms="3323" status="PASS">
          <params>
            <param index="0">
              <value>
                <![CDATA[mngr259399 ]]>
              </value>
            </param>
            <param index="1">
              <value>
                <![CDATA[yrAzUsa]]>
              </value>
            </param>
          </params>
          <reporter-output>
          </reporter-output>
        </test-method> <!-- loginTest -->
        <test-method is-config="true" signature="tearDown()[pri:0, instance:practicePackage.loginDetailParameterization@4d910fd6]" started-at="2020-05-05T20:11:03 IST" name="tearDown" finished-at="2020-05-05T20:11:04 IST" duration-ms="1051" status="PASS">
          <reporter-output>
          </reporter-output>
        </test-method> <!-- tearDown -->
        <test-method is-config="true" signature="setup()[pri:0, instance:practicePackage.loginDetailParameterization@4d910fd6]" started-at="2020-05-05T20:11:04 IST" name="setup" finished-at="2020-05-05T20:11:19 IST" duration-ms="15073" status="PASS">
          <reporter-output>
          </reporter-output>
        </test-method> <!-- setup -->
        <test-method signature="loginTest(java.lang.String, java.lang.String)[pri:0, instance:practicePackage.loginDetailParameterization@4d910fd6]" started-at="2020-05-05T20:11:19 IST" name="loginTest" data-provider="getLoginData" finished-at="2020-05-05T20:11:19 IST" duration-ms="812" status="PASS">
          <params>
            <param index="0">
              <value>
                <![CDATA[abc ]]>
              </value>
            </param>
            <param index="1">
              <value>
                <![CDATA[yrAzUsa]]>
              </value>
            </param>
          </params>
          <reporter-output>
          </reporter-output>
        </test-method> <!-- loginTest -->
        <test-method is-config="true" signature="tearDown()[pri:0, instance:practicePackage.loginDetailParameterization@4d910fd6]" started-at="2020-05-05T20:11:19 IST" name="tearDown" finished-at="2020-05-05T20:11:20 IST" duration-ms="899" status="PASS">
          <reporter-output>
          </reporter-output>
        </test-method> <!-- tearDown -->
        <test-method is-config="true" signature="setup()[pri:0, instance:practicePackage.loginDetailParameterization@4d910fd6]" started-at="2020-05-05T20:11:20 IST" name="setup" finished-at="2020-05-05T20:11:35 IST" duration-ms="15051" status="PASS">
          <reporter-output>
          </reporter-output>
        </test-method> <!-- setup -->
        <test-method signature="loginTest(java.lang.String, java.lang.String)[pri:0, instance:practicePackage.loginDetailParameterization@4d910fd6]" started-at="2020-05-05T20:11:35 IST" name="loginTest" data-provider="getLoginData" finished-at="2020-05-05T20:11:36 IST" duration-ms="794" status="PASS">
          <params>
            <param index="0">
              <value>
                <![CDATA[mngr259399 ]]>
              </value>
            </param>
            <param index="1">
              <value>
                <![CDATA[lmn]]>
              </value>
            </param>
          </params>
          <reporter-output>
          </reporter-output>
        </test-method> <!-- loginTest -->
        <test-method is-config="true" signature="tearDown()[pri:0, instance:practicePackage.loginDetailParameterization@4d910fd6]" started-at="2020-05-05T20:11:36 IST" name="tearDown" finished-at="2020-05-05T20:11:37 IST" duration-ms="867" status="PASS">
          <reporter-output>
          </reporter-output>
        </test-method> <!-- tearDown -->
        <test-method is-config="true" signature="setup()[pri:0, instance:practicePackage.loginDetailParameterization@4d910fd6]" started-at="2020-05-05T20:11:37 IST" name="setup" finished-at="2020-05-05T20:11:52 IST" duration-ms="15165" status="PASS">
          <reporter-output>
          </reporter-output>
        </test-method> <!-- setup -->
        <test-method signature="loginTest(java.lang.String, java.lang.String)[pri:0, instance:practicePackage.loginDetailParameterization@4d910fd6]" started-at="2020-05-05T20:11:52 IST" name="loginTest" data-provider="getLoginData" finished-at="2020-05-05T20:11:53 IST" duration-ms="734" status="PASS">
          <params>
            <param index="0">
              <value>
                <![CDATA[abc ]]>
              </value>
            </param>
            <param index="1">
              <value>
                <![CDATA[lmn]]>
              </value>
            </param>
          </params>
          <reporter-output>
          </reporter-output>
        </test-method> <!-- loginTest -->
        <test-method is-config="true" signature="tearDown()[pri:0, instance:practicePackage.loginDetailParameterization@4d910fd6]" started-at="2020-05-05T20:11:53 IST" name="tearDown" finished-at="2020-05-05T20:11:54 IST" duration-ms="854" status="PASS">
          <reporter-output>
          </reporter-output>
        </test-method> <!-- tearDown -->
      </class> <!-- practicePackage.loginDetailParameterization -->
    </test> <!-- Default test -->
  </suite> <!-- Default suite -->
</testng-results>
